Traceback (most recent call last):
  File "/opt/hostedtoolcache/Python/3.10.17/x64/lib/python3.10/site-packages/jupyter_cache/executors/utils.py", line 58, in single_nb_execution
    executenb(
  File "/opt/hostedtoolcache/Python/3.10.17/x64/lib/python3.10/site-packages/nbclient/client.py", line 1319, in execute
    return NotebookClient(nb=nb, resources=resources, km=km, **kwargs).execute()
  File "/opt/hostedtoolcache/Python/3.10.17/x64/lib/python3.10/site-packages/jupyter_core/utils/__init__.py", line 165, in wrapped
    return loop.run_until_complete(inner)
  File "/opt/hostedtoolcache/Python/3.10.17/x64/lib/python3.10/asyncio/base_events.py", line 649, in run_until_complete
    return future.result()
  File "/opt/hostedtoolcache/Python/3.10.17/x64/lib/python3.10/site-packages/nbclient/client.py", line 709, in async_execute
    await self.async_execute_cell(
  File "/opt/hostedtoolcache/Python/3.10.17/x64/lib/python3.10/site-packages/nbclient/client.py", line 1062, in async_execute_cell
    await self._check_raise_for_error(cell, cell_index, exec_reply)
  File "/opt/hostedtoolcache/Python/3.10.17/x64/lib/python3.10/site-packages/nbclient/client.py", line 918, in _check_raise_for_error
    raise CellExecutionError.from_cell_and_msg(cell, exec_reply_content)
nbclient.exceptions.CellExecutionError: An error occurred while executing the following cell:
------------------
# --------------------------------------------
# 8.  Filtrado de los outliers coincidentes
#     (IQR ∩ Z-Score ∩ Isolation Forest)
# --------------------------------------------
idx_common = sorted(set_iqr & set_z & set_if)   # 4 índices en intersección

print(f"Filas en la intersección de los tres métodos: {idx_common}")

outliers_common = df.loc[idx_common]            # sub-dataframe con los registros
display(outliers_common)                        # Jupyter mostrará la tabla
------------------


[0;31m---------------------------------------------------------------------------[0m
[0;31mNameError[0m                                 Traceback (most recent call last)
Cell [0;32mIn[9], line 5[0m
[1;32m      1[0m [38;5;66;03m# --------------------------------------------[39;00m
[1;32m      2[0m [38;5;66;03m# 8.  Filtrado de los outliers coincidentes[39;00m
[1;32m      3[0m [38;5;66;03m#     (IQR ∩ Z-Score ∩ Isolation Forest)[39;00m
[1;32m      4[0m [38;5;66;03m# --------------------------------------------[39;00m
[0;32m----> 5[0m idx_common [38;5;241m=[39m [38;5;28msorted[39m(set_iqr [38;5;241m&[39m [43mset_z[49m [38;5;241m&[39m set_if)   [38;5;66;03m# 4 índices en intersección[39;00m
[1;32m      7[0m [38;5;28mprint[39m([38;5;124mf[39m[38;5;124m"[39m[38;5;124mFilas en la intersección de los tres métodos: [39m[38;5;132;01m{[39;00midx_common[38;5;132;01m}[39;00m[38;5;124m"[39m)
[1;32m      9[0m outliers_common [38;5;241m=[39m df[38;5;241m.[39mloc[idx_common]            [38;5;66;03m# sub-dataframe con los registros[39;00m

[0;31mNameError[0m: name 'set_z' is not defined

